{"/Users/admin/apps/Jumentix/src/config/index.js":{"path":"/Users/admin/apps/Jumentix/src/config/index.js","s":{"1":1,"2":1,"3":1,"4":1,"5":1,"6":1,"7":1,"8":1,"9":1,"10":1,"11":1,"12":1,"13":5,"14":1,"15":1,"16":1,"17":1,"18":1,"19":1,"20":1,"21":1,"22":1,"23":1},"b":{"1":[4,1],"2":[5,5],"3":[1,1],"4":[1,1],"5":[1,1],"6":[1,1],"7":[1,1],"8":[1,1],"9":[1,1],"10":[1,1],"11":[1,1],"12":[1,1],"13":[1,1],"14":[1,1],"15":[1,1],"16":[1,1],"17":[1,1],"18":[1,1],"19":[1,1],"20":[1,1],"21":[1,1]},"f":{"1":5},"fnMap":{"1":{"name":"_interopRequireDefault","line":8,"loc":{"start":{"line":8,"column":0},"end":{"line":8,"column":0}}}},"statementMap":{"1":{"start":{"line":0,"column":0},"end":{"line":0,"column":0},"skip":true},"2":{"start":{"line":2,"column":0},"end":{"line":null,"column":null}},"3":{"start":{"line":0,"column":0},"end":{"line":0,"column":0},"skip":true},"4":{"start":{"line":3,"column":0},"end":{"line":null,"column":null}},"5":{"start":{"line":0,"column":0},"end":{"line":0,"column":0},"skip":true},"6":{"start":{"line":4,"column":0},"end":{"line":null,"column":null}},"7":{"start":{"line":0,"column":0},"end":{"line":0,"column":0},"skip":true},"8":{"start":{"line":5,"column":0},"end":{"line":null,"column":null}},"9":{"start":{"line":0,"column":0},"end":{"line":0,"column":0},"skip":true},"10":{"start":{"line":6,"column":0},"end":{"line":null,"column":null}},"11":{"start":{"line":0,"column":0},"end":{"line":0,"column":0},"skip":true},"12":{"start":{"line":8,"column":0},"end":{"line":8,"column":0}},"13":{"start":{"line":8,"column":0},"end":{"line":8,"column":0}},"14":{"start":{"line":8,"column":0},"end":{"line":9,"column":0}},"15":{"start":{"line":9,"column":0},"end":{"line":10,"column":0}},"16":{"start":{"line":10,"column":0},"end":{"line":11,"column":0}},"17":{"start":{"line":11,"column":0},"end":{"line":12,"column":0}},"18":{"start":{"line":12,"column":0},"end":{"line":13,"column":0}},"19":{"start":{"line":13,"column":0},"end":{"line":14,"column":0}},"20":{"start":{"line":14,"column":0},"end":{"line":15,"column":0}},"21":{"start":{"line":15,"column":0},"end":{"line":16,"column":0}},"22":{"start":{"line":16,"column":0},"end":{"line":null,"column":null}},"23":{"start":{"line":0,"column":0},"end":{"line":0,"column":0},"skip":true}},"branchMap":{"1":{"line":8,"type":"cond-expr","locations":[{"start":{"line":8,"column":0},"end":{"line":8,"column":0}},{"start":{"line":8,"column":0},"end":{"line":8,"column":0}}]},"2":{"line":8,"type":"binary-expr","locations":[{"start":{"line":8,"column":0},"end":{"line":8,"column":0}},{"start":{"line":8,"column":0},"end":{"line":8,"column":0}}]},"3":{"line":16,"type":"binary-expr","locations":[{"start":{"line":16,"column":12},"end":{"line":16,"column":12}},{"start":{"line":16,"column":36},"end":{"line":16,"column":0}}]},"4":{"line":38,"type":"binary-expr","locations":[{"start":{"line":38,"column":9},"end":{"line":38,"column":9}},{"start":{"line":38,"column":33},"end":{"line":23,"column":15}}]},"5":{"line":39,"type":"binary-expr","locations":[{"start":{"line":39,"column":25},"end":{"line":39,"column":68}},{"start":{"line":39,"column":68},"end":{"line":39,"column":4}}]},"6":{"line":40,"type":"binary-expr","locations":[{"start":{"line":40,"column":10},"end":{"line":40,"column":53}},{"start":{"line":40,"column":53},"end":{"line":23,"column":15}}]},"7":{"line":75,"type":"binary-expr","locations":[{"start":{"line":75,"column":9},"end":{"line":75,"column":9}},{"start":{"line":75,"column":33},"end":{"line":60,"column":6}}]},"8":{"line":76,"type":"binary-expr","locations":[{"start":{"line":76,"column":25},"end":{"line":76,"column":68}},{"start":{"line":76,"column":68},"end":{"line":76,"column":4}}]},"9":{"line":77,"type":"binary-expr","locations":[{"start":{"line":77,"column":10},"end":{"line":77,"column":53}},{"start":{"line":77,"column":53},"end":{"line":60,"column":6}}]},"10":{"line":112,"type":"binary-expr","locations":[{"start":{"line":112,"column":9},"end":{"line":112,"column":9}},{"start":{"line":112,"column":33},"end":{"line":97,"column":10}}]},"11":{"line":113,"type":"binary-expr","locations":[{"start":{"line":113,"column":25},"end":{"line":113,"column":68}},{"start":{"line":113,"column":68},"end":{"line":113,"column":4}}]},"12":{"line":114,"type":"binary-expr","locations":[{"start":{"line":114,"column":10},"end":{"line":114,"column":53}},{"start":{"line":114,"column":53},"end":{"line":97,"column":10}}]},"13":{"line":149,"type":"binary-expr","locations":[{"start":{"line":149,"column":9},"end":{"line":149,"column":9}},{"start":{"line":149,"column":33},"end":{"line":134,"column":8}}]},"14":{"line":150,"type":"binary-expr","locations":[{"start":{"line":150,"column":25},"end":{"line":150,"column":68}},{"start":{"line":150,"column":68},"end":{"line":150,"column":4}}]},"15":{"line":151,"type":"binary-expr","locations":[{"start":{"line":151,"column":10},"end":{"line":151,"column":53}},{"start":{"line":151,"column":53},"end":{"line":134,"column":8}}]},"16":{"line":186,"type":"binary-expr","locations":[{"start":{"line":186,"column":9},"end":{"line":186,"column":9}},{"start":{"line":186,"column":33},"end":{"line":171,"column":11}}]},"17":{"line":187,"type":"binary-expr","locations":[{"start":{"line":187,"column":25},"end":{"line":187,"column":68}},{"start":{"line":187,"column":68},"end":{"line":187,"column":4}}]},"18":{"line":188,"type":"binary-expr","locations":[{"start":{"line":188,"column":10},"end":{"line":188,"column":53}},{"start":{"line":188,"column":53},"end":{"line":171,"column":11}}]},"19":{"line":223,"type":"binary-expr","locations":[{"start":{"line":223,"column":9},"end":{"line":223,"column":9}},{"start":{"line":223,"column":33},"end":{"line":208,"column":14}}]},"20":{"line":224,"type":"binary-expr","locations":[{"start":{"line":224,"column":25},"end":{"line":224,"column":68}},{"start":{"line":224,"column":68},"end":{"line":224,"column":4}}]},"21":{"line":225,"type":"binary-expr","locations":[{"start":{"line":225,"column":10},"end":{"line":225,"column":53}},{"start":{"line":225,"column":53},"end":{"line":208,"column":14}}]}}},"/Users/admin/apps/Jumentix/src/config/oAuth.js":{"path":"/Users/admin/apps/Jumentix/src/config/oAuth.js","s":{"1":1,"2":1},"b":{},"f":{},"fnMap":{},"statementMap":{"1":{"start":{"line":0,"column":0},"end":{"line":0,"column":0},"skip":true},"2":{"start":{"line":7,"column":15},"end":{"line":null,"column":null}}},"branchMap":{}},"/Users/admin/apps/Jumentix/src/config/swagger.js":{"path":"/Users/admin/apps/Jumentix/src/config/swagger.js","s":{"1":1,"2":1,"3":6},"b":{},"f":{"1":6},"fnMap":{"1":{"name":"(anonymous_1)","line":7,"loc":{"start":{"line":7,"column":15},"end":{"line":7,"column":48}}}},"statementMap":{"1":{"start":{"line":0,"column":0},"end":{"line":0,"column":0},"skip":true},"2":{"start":{"line":7,"column":15},"end":{"line":null,"column":null}},"3":{"start":{"line":8,"column":2},"end":{"line":106,"column":1}}},"branchMap":{}},"/Users/admin/apps/Jumentix/src/config/mongoose.js":{"path":"/Users/admin/apps/Jumentix/src/config/mongoose.js","s":{"1":1,"2":1,"3":6,"4":1},"b":{"1":[1,1]},"f":{"1":6},"fnMap":{"1":{"name":"(anonymous_1)","line":9,"loc":{"start":{"line":9,"column":15},"end":{"line":9,"column":34}}}},"statementMap":{"1":{"start":{"line":0,"column":0},"end":{"line":0,"column":0},"skip":true},"2":{"start":{"line":9,"column":15},"end":{"line":3,"column":0}},"3":{"start":{"line":10,"column":2},"end":{"line":72,"column":1}},"4":{"start":{"line":3,"column":0},"end":{"line":null,"column":null}}},"branchMap":{"1":{"line":3,"type":"binary-expr","locations":[{"start":{"line":3,"column":12},"end":{"line":3,"column":12}},{"start":{"line":3,"column":36},"end":{"line":3,"column":0}}]}}},"/Users/admin/apps/Jumentix/src/config/aclRoles.js":{"path":"/Users/admin/apps/Jumentix/src/config/aclRoles.js","s":{"1":1,"2":1},"b":{},"f":{},"fnMap":{},"statementMap":{"1":{"start":{"line":0,"column":0},"end":{"line":0,"column":0},"skip":true},"2":{"start":{"line":7,"column":15},"end":{"line":null,"column":null}}},"branchMap":{}}}