TN:
SF:/Users/admin/apps/Jumentix/src/config/index.js
FN:8,_interopRequireDefault
FNF:1
FNH:1
FNDA:5,_interopRequireDefault
DA:2,1
DA:3,1
DA:4,1
DA:5,1
DA:6,1
DA:8,5
DA:9,1
DA:10,1
DA:11,1
DA:12,1
DA:13,1
DA:14,1
DA:15,1
DA:16,1
LF:14
LH:14
BRDA:8,1,0,4
BRDA:8,1,1,1
BRDA:8,2,0,5
BRDA:8,2,1,5
BRDA:16,3,0,1
BRDA:16,3,1,1
BRDA:38,4,0,1
BRDA:38,4,1,1
BRDA:39,5,0,1
BRDA:39,5,1,1
BRDA:40,6,0,1
BRDA:40,6,1,1
BRDA:75,7,0,1
BRDA:75,7,1,1
BRDA:76,8,0,1
BRDA:76,8,1,1
BRDA:77,9,0,1
BRDA:77,9,1,1
BRDA:112,10,0,1
BRDA:112,10,1,1
BRDA:113,11,0,1
BRDA:113,11,1,1
BRDA:114,12,0,1
BRDA:114,12,1,1
BRDA:149,13,0,1
BRDA:149,13,1,1
BRDA:150,14,0,1
BRDA:150,14,1,1
BRDA:151,15,0,1
BRDA:151,15,1,1
BRDA:186,16,0,1
BRDA:186,16,1,1
BRDA:187,17,0,1
BRDA:187,17,1,1
BRDA:188,18,0,1
BRDA:188,18,1,1
BRDA:223,19,0,1
BRDA:223,19,1,1
BRDA:224,20,0,1
BRDA:224,20,1,1
BRDA:225,21,0,1
BRDA:225,21,1,1
BRF:42
BRH:42
end_of_record
TN:
SF:/Users/admin/apps/Jumentix/src/config/oAuth.js
FNF:0
FNH:0
DA:7,1
LF:1
LH:1
BRF:0
BRH:0
end_of_record
TN:
SF:/Users/admin/apps/Jumentix/src/config/swagger.js
FN:7,(anonymous_1)
FNF:1
FNH:1
FNDA:6,(anonymous_1)
DA:7,1
DA:8,6
LF:2
LH:2
BRF:0
BRH:0
end_of_record
TN:
SF:/Users/admin/apps/Jumentix/src/config/mongoose.js
FN:9,(anonymous_1)
FNF:1
FNH:1
FNDA:6,(anonymous_1)
DA:3,1
DA:9,1
DA:10,6
LF:3
LH:3
BRDA:3,1,0,1
BRDA:3,1,1,1
BRF:2
BRH:2
end_of_record
TN:
SF:/Users/admin/apps/Jumentix/src/config/aclRoles.js
FNF:0
FNH:0
DA:7,1
LF:1
LH:1
BRF:0
BRH:0
end_of_record
